{"numFailedTestSuites":0,"numFailedTests":0,"numPassedTestSuites":2,"numPassedTests":7,"numPendingTestSuites":0,"numPendingTests":0,"numRuntimeErrorTestSuites":0,"numTodoTests":0,"numTotalTestSuites":2,"numTotalTests":7,"openHandles":[],"snapshot":{"added":0,"didUpdate":false,"failure":false,"filesAdded":0,"filesRemoved":0,"filesRemovedList":[],"filesUnmatched":0,"filesUpdated":0,"matched":0,"total":0,"unchecked":0,"uncheckedKeysByFile":[],"unmatched":0,"updated":0},"startTime":1770808021216,"success":true,"testResults":[{"assertionResults":[{"ancestorTitles":["LoginPage"],"duration":32,"failing":false,"failureDetails":[],"failureMessages":[],"fullName":"LoginPage renders login form when unauthenticated","invocations":1,"location":null,"numPassingAsserts":4,"retryReasons":[],"startAt":1770808021515,"status":"passed","title":"renders login form when unauthenticated"},{"ancestorTitles":["LoginPage"],"duration":44,"failing":false,"failureDetails":[],"failureMessages":[],"fullName":"LoginPage shows validation error when fields are missing","invocations":1,"location":null,"numPassingAsserts":2,"retryReasons":[],"startAt":1770808021548,"status":"passed","title":"shows validation error when fields are missing"},{"ancestorTitles":["LoginPage"],"duration":105,"failing":false,"failureDetails":[],"failureMessages":[],"fullName":"LoginPage redirects to dashboard after successful login","invocations":1,"location":null,"numPassingAsserts":2,"retryReasons":[],"startAt":1770808021592,"status":"passed","title":"redirects to dashboard after successful login"},{"ancestorTitles":["LoginPage"],"duration":93,"failing":false,"failureDetails":[],"failureMessages":[],"fullName":"LoginPage shows error message when login fails","invocations":1,"location":null,"numPassingAsserts":2,"retryReasons":[],"startAt":1770808021697,"status":"passed","title":"shows error message when login fails"},{"ancestorTitles":["LoginPage"],"duration":54,"failing":false,"failureDetails":[],"failureMessages":[],"fullName":"LoginPage redirects immediately when already admin","invocations":1,"location":null,"numPassingAsserts":1,"retryReasons":[],"startAt":1770808021790,"status":"passed","title":"redirects immediately when already admin"}],"endTime":1770808021845,"message":"","name":"/home/ppdoan/Documents/ezitech/demo12/nextjs/__tests__/login-page.test.tsx","startTime":1770808021379,"status":"passed","summary":""},{"assertionResults":[{"ancestorTitles":["AdminDashboardPage"],"duration":31,"failing":false,"failureDetails":[],"failureMessages":[],"fullName":"AdminDashboardPage shows dashboard for admin and handles logout","invocations":1,"location":null,"numPassingAsserts":3,"retryReasons":[],"startAt":1770808021893,"status":"passed","title":"shows dashboard for admin and handles logout"},{"ancestorTitles":["AdminDashboardPage"],"duration":3,"failing":false,"failureDetails":[],"failureMessages":[],"fullName":"AdminDashboardPage redirects non-admin users to login","invocations":1,"location":null,"numPassingAsserts":1,"retryReasons":[],"startAt":1770808021924,"status":"passed","title":"redirects non-admin users to login"}],"endTime":1770808021928,"message":"","name":"/home/ppdoan/Documents/ezitech/demo12/nextjs/__tests__/admin-dashboard.test.tsx","startTime":1770808021853,"status":"passed","summary":""}],"wasInterrupted":false}
